0 info it worked if it ends with ok
1 verbose cli [ 'c:\\Users\\cchamberlain\\local\\bin\\node.exe',
1 verbose cli   'c:\\Users\\cchamberlain\\local\\bin\\node_modules\\npm\\bin\\npm-cli.js',
1 verbose cli   'publish' ]
2 info using npm@2.10.1
3 info using node@v0.12.3
4 verbose publish [ '.' ]
5 silly cache add args [ '.', null ]
6 verbose cache add spec .
7 silly cache add parsed spec { raw: '.',
7 silly cache add   scope: null,
7 silly cache add   name: null,
7 silly cache add   rawSpec: '.',
7 silly cache add   spec: 'c:\\Users\\cchamberlain\\tixinc\\gyp',
7 silly cache add   type: 'directory' }
8 verbose addLocalDirectory C:\Users\cchamberlain\AppData\Roaming\npm-cache\gyp\0.1.0\package.tgz not in flight; packing
9 verbose tar pack [ 'C:\\Users\\cchamberlain\\AppData\\Roaming\\npm-cache\\gyp\\0.1.0\\package.tgz',
9 verbose tar pack   'c:\\Users\\cchamberlain\\tixinc\\gyp' ]
10 verbose tarball C:\Users\cchamberlain\AppData\Roaming\npm-cache\gyp\0.1.0\package.tgz
11 verbose folder c:\Users\cchamberlain\tixinc\gyp
12 info prepublish gyp@0.1.0
13 verbose addLocalTarball adding from inside cache C:\Users\cchamberlain\AppData\Roaming\npm-cache\gyp\0.1.0\package.tgz
14 silly cache afterAdd gyp@0.1.0
15 verbose afterAdd C:\Users\cchamberlain\AppData\Roaming\npm-cache\gyp\0.1.0\package\package.json not in flight; writing
16 verbose afterAdd C:\Users\cchamberlain\AppData\Roaming\npm-cache\gyp\0.1.0\package\package.json written
17 silly publish { name: 'gyp',
17 silly publish   version: '0.1.0',
17 silly publish   description: 'Fork of gyp project to handle windows specific issues',
17 silly publish   main: 'index.js',
17 silly publish   directories: { doc: 'docs', test: 'test' },
17 silly publish   bin: { gyp: './gyp' },
17 silly publish   repository:
17 silly publish    { type: 'git',
17 silly publish      url: 'git+https://github.com/cchamberlain/gyp.git' },
17 silly publish   keywords: [ 'gyp', 'node' ],
17 silly publish   author: { name: 'Cole Chamberlain' },
17 silly publish   license: 'MIT',
17 silly publish   bugs: { url: 'https://github.com/cchamberlain/gyp/issues' },
17 silly publish   homepage: 'https://github.com/cchamberlain/gyp#readme',
17 silly publish   contributors:
17 silly publish    [ { name: 'Google Inc.' },
17 silly publish      { name: 'Bloomberg Finance L.P.' },
17 silly publish      { name: 'Yandex LLC' },
17 silly publish      { name: 'Steven Knight', email: 'knight@baldmt.com' },
17 silly publish      { name: 'Ryan Norton', email: 'rnorton10@gmail.com' },
17 silly publish      { name: 'David J. Sankel', email: 'david@sankelsoftware.com' },
17 silly publish      { name: 'Eric N. Vander Weele', email: 'ericvw@gmail.com' } ],
17 silly publish   readme: 'GYP can Generate Your Projects.\r\n\r\nMailing list:  http://groups.google.com/group/gyp-developer\r\n\r\n* [User documentation](/docs/UserDocumentation.md)\r\n* [Input Format Reference](/docs/InputFormatReference.md)\r\n* [Language specification](/docs/LanguageSpecification.md)\r\n* [GYP Hacking](/docs/Hacking.md)\r\n* [GYP Testing](/docs/Testing.md)\r\n* [GYP vs. CMake](/docs/GypVsCMake.md)\r\n* [Source](/docs/Source.md)\r\n* [Buildbot](/docs/Buildbot.md)\r\n',
17 silly publish   readmeFilename: 'README.md',
17 silly publish   gitHead: '2fba9232c6d893ce2d3779be4bb6b6090c075ce6',
17 silly publish   _id: 'gyp@0.1.0',
17 silly publish   scripts: {},
17 silly publish   _shasum: 'f6dfdc7a07dd3e975a5296722a40f028f7e441be',
17 silly publish   _from: '.' }
18 verbose getPublishConfig undefined
19 silly mapToRegistry name gyp
20 silly mapToRegistry using default registry
21 silly mapToRegistry registry https://registry.npmjs.org/
22 silly mapToRegistry uri https://registry.npmjs.org/gyp
23 verbose publish registryBase https://registry.npmjs.org/
24 silly publish uploading C:\Users\cchamberlain\AppData\Roaming\npm-cache\gyp\0.1.0\package.tgz
25 verbose request uri https://registry.npmjs.org/gyp
26 verbose request sending authorization for write operation
27 info attempt registry request try #1 at 5:49:23 PM
28 verbose request using bearer token for auth
29 verbose request id 312c5ea74c64fb39
30 http request PUT https://registry.npmjs.org/gyp
31 http 404 https://registry.npmjs.org/gyp
32 verbose headers { 'content-type': 'application/json',
32 verbose headers   'cache-control': 'max-age=0',
32 verbose headers   'content-length': '21',
32 verbose headers   'accept-ranges': 'bytes',
32 verbose headers   date: 'Mon, 25 May 2015 00:49:25 GMT',
32 verbose headers   via: '1.1 varnish',
32 verbose headers   connection: 'keep-alive',
32 verbose headers   'x-served-by': 'cache-lax1429-LAX',
32 verbose headers   'x-cache': 'MISS',
32 verbose headers   'x-cache-hits': '0',
32 verbose headers   'x-timer': 'S1432514964.260144,VS0,VE908' }
33 verbose request invalidating C:\Users\cchamberlain\AppData\Roaming\npm-cache\registry.npmjs.org\gyp on PUT
34 error publish Failed PUT 404
35 verbose stack Error: Not found : gyp
35 verbose stack     at CachingRegistryClient.<anonymous> (c:\Users\cchamberlain\local\bin\node_modules\npm\node_modules\npm-registry-client\lib\request.js:247:14)
35 verbose stack     at Request._callback (c:\Users\cchamberlain\local\bin\node_modules\npm\node_modules\npm-registry-client\lib\request.js:170:14)
35 verbose stack     at Request.self.callback (c:\Users\cchamberlain\local\bin\node_modules\npm\node_modules\request\request.js:368:22)
35 verbose stack     at Request.emit (events.js:110:17)
35 verbose stack     at Request.<anonymous> (c:\Users\cchamberlain\local\bin\node_modules\npm\node_modules\request\request.js:1219:14)
35 verbose stack     at Request.emit (events.js:129:20)
35 verbose stack     at IncomingMessage.<anonymous> (c:\Users\cchamberlain\local\bin\node_modules\npm\node_modules\request\request.js:1167:12)
35 verbose stack     at IncomingMessage.emit (events.js:129:20)
35 verbose stack     at _stream_readable.js:908:16
35 verbose stack     at process._tickCallback (node.js:355:11)
36 verbose statusCode 404
37 verbose pkgid gyp
38 verbose cwd c:\Users\cchamberlain\tixinc\gyp
39 error Windows_NT 6.3.9600
40 error argv "c:\\Users\\cchamberlain\\local\\bin\\node.exe" "c:\\Users\\cchamberlain\\local\\bin\\node_modules\\npm\\bin\\npm-cli.js" "publish"
41 error node v0.12.3
42 error npm  v2.10.1
43 error code E404
44 error 404 Not found : gyp
44 error 404
44 error 404 'gyp' is not in the npm registry.
44 error 404 You should bug the author to publish it (or use the name yourself!)
44 error 404
44 error 404 Note that you can also install from a
44 error 404 tarball, folder, http url, or git url.
45 verbose exit [ 1, true ]
